{"D:\\Backend Dev\\Backend-Projects\\Project1-NotesApp\\src\\app.js": {"path":"D:\\Backend Dev\\Backend-Projects\\Project1-NotesApp\\src\\app.js","statementMap":{"0":{"start":{"line":8,"column":12},"end":{"line":8,"column":21}},"1":{"start":{"line":10,"column":0},"end":{"line":10,"column":24}},"2":{"start":{"line":11,"column":0},"end":{"line":11,"column":24}},"3":{"start":{"line":13,"column":0},"end":{"line":13,"column":33}},"4":{"start":{"line":14,"column":0},"end":{"line":14,"column":33}}},"fnMap":{},"branchMap":{},"s":{"0":2,"1":2,"2":2,"3":2,"4":2},"f":{},"b":{},"_coverageSchema":"1a1c01bbd47fc00a2c39e90264f33305004495a9","hash":"c3a0d8c1edc3e4a96a06b45127d7b9dabf4d65bd"}
,"D:\\Backend Dev\\Backend-Projects\\Project1-NotesApp\\src\\controllers\\auth.controllers.js": {"path":"D:\\Backend Dev\\Backend-Projects\\Project1-NotesApp\\src\\controllers\\auth.controllers.js","statementMap":{"0":{"start":{"line":10,"column":42},"end":{"line":10,"column":50}},"1":{"start":{"line":12,"column":4},"end":{"line":59,"column":5}},"2":{"start":{"line":14,"column":8},"end":{"line":18,"column":9}},"3":{"start":{"line":15,"column":12},"end":{"line":17,"column":15}},"4":{"start":{"line":21,"column":27},"end":{"line":26,"column":10}},"5":{"start":{"line":28,"column":8},"end":{"line":32,"column":9}},"6":{"start":{"line":29,"column":12},"end":{"line":31,"column":15}},"7":{"start":{"line":34,"column":31},"end":{"line":34,"column":62}},"8":{"start":{"line":36,"column":21},"end":{"line":40,"column":10}},"9":{"start":{"line":42,"column":28},"end":{"line":42,"column":72}},"10":{"start":{"line":44,"column":8},"end":{"line":52,"column":11}},"11":{"start":{"line":55,"column":8},"end":{"line":58,"column":11}},"12":{"start":{"line":63,"column":4},"end":{"line":105,"column":5}},"13":{"start":{"line":64,"column":36},"end":{"line":64,"column":44}},"14":{"start":{"line":66,"column":8},"end":{"line":70,"column":9}},"15":{"start":{"line":67,"column":12},"end":{"line":69,"column":15}},"16":{"start":{"line":72,"column":21},"end":{"line":72,"column":48}},"17":{"start":{"line":74,"column":8},"end":{"line":78,"column":9}},"18":{"start":{"line":75,"column":12},"end":{"line":77,"column":15}},"19":{"start":{"line":80,"column":32},"end":{"line":80,"column":77}},"20":{"start":{"line":82,"column":8},"end":{"line":86,"column":9}},"21":{"start":{"line":83,"column":12},"end":{"line":85,"column":15}},"22":{"start":{"line":88,"column":28},"end":{"line":88,"column":72}},"23":{"start":{"line":90,"column":8},"end":{"line":98,"column":11}},"24":{"start":{"line":101,"column":8},"end":{"line":104,"column":11}},"25":{"start":{"line":109,"column":4},"end":{"line":151,"column":5}},"26":{"start":{"line":110,"column":29},"end":{"line":110,"column":54}},"27":{"start":{"line":112,"column":8},"end":{"line":116,"column":9}},"28":{"start":{"line":113,"column":12},"end":{"line":115,"column":15}},"29":{"start":{"line":118,"column":24},"end":{"line":118,"column":80}},"30":{"start":{"line":120,"column":24},"end":{"line":120,"column":65}},"31":{"start":{"line":122,"column":8},"end":{"line":127,"column":9}},"32":{"start":{"line":123,"column":12},"end":{"line":123,"column":44}},"33":{"start":{"line":124,"column":12},"end":{"line":126,"column":15}},"34":{"start":{"line":129,"column":24},"end":{"line":129,"column":86}},"35":{"start":{"line":131,"column":8},"end":{"line":135,"column":9}},"36":{"start":{"line":132,"column":12},"end":{"line":134,"column":15}},"37":{"start":{"line":137,"column":8},"end":{"line":137,"column":31}},"38":{"start":{"line":138,"column":8},"end":{"line":138,"column":29}},"39":{"start":{"line":140,"column":8},"end":{"line":140,"column":40}},"40":{"start":{"line":142,"column":8},"end":{"line":144,"column":11}},"41":{"start":{"line":147,"column":8},"end":{"line":150,"column":11}},"42":{"start":{"line":155,"column":4},"end":{"line":236,"column":5}},"43":{"start":{"line":157,"column":32},"end":{"line":157,"column":56}},"44":{"start":{"line":159,"column":8},"end":{"line":163,"column":9}},"45":{"start":{"line":160,"column":12},"end":{"line":162,"column":15}},"46":{"start":{"line":165,"column":24},"end":{"line":165,"column":83}},"47":{"start":{"line":167,"column":24},"end":{"line":167,"column":65}},"48":{"start":{"line":169,"column":8},"end":{"line":173,"column":9}},"49":{"start":{"line":170,"column":12},"end":{"line":172,"column":15}},"50":{"start":{"line":175,"column":24},"end":{"line":175,"column":89}},"51":{"start":{"line":177,"column":8},"end":{"line":187,"column":9}},"52":{"start":{"line":181,"column":12},"end":{"line":181,"column":35}},"53":{"start":{"line":182,"column":12},"end":{"line":182,"column":33}},"54":{"start":{"line":184,"column":12},"end":{"line":186,"column":15}},"55":{"start":{"line":191,"column":32},"end":{"line":200,"column":9}},"56":{"start":{"line":202,"column":8},"end":{"line":202,"column":76}},"57":{"start":{"line":203,"column":8},"end":{"line":203,"column":29}},"58":{"start":{"line":205,"column":28},"end":{"line":215,"column":9}},"59":{"start":{"line":217,"column":8},"end":{"line":224,"column":11}},"60":{"start":{"line":226,"column":8},"end":{"line":229,"column":11}},"61":{"start":{"line":232,"column":12},"end":{"line":235,"column":11}},"62":{"start":{"line":240,"column":4},"end":{"line":259,"column":5}},"63":{"start":{"line":241,"column":21},"end":{"line":241,"column":73}},"64":{"start":{"line":243,"column":8},"end":{"line":247,"column":9}},"65":{"start":{"line":244,"column":12},"end":{"line":246,"column":15}},"66":{"start":{"line":249,"column":8},"end":{"line":252,"column":11}},"67":{"start":{"line":255,"column":8},"end":{"line":258,"column":11}}},"fnMap":{"0":{"name":"registerUser","decl":{"start":{"line":8,"column":22},"end":{"line":8,"column":34}},"loc":{"start":{"line":8,"column":46},"end":{"line":60,"column":1}},"line":8},"1":{"name":"login","decl":{"start":{"line":62,"column":22},"end":{"line":62,"column":27}},"loc":{"start":{"line":62,"column":39},"end":{"line":106,"column":1}},"line":62},"2":{"name":"logout","decl":{"start":{"line":108,"column":22},"end":{"line":108,"column":28}},"loc":{"start":{"line":108,"column":40},"end":{"line":152,"column":1}},"line":108},"3":{"name":"refreshToken","decl":{"start":{"line":154,"column":22},"end":{"line":154,"column":34}},"loc":{"start":{"line":154,"column":46},"end":{"line":237,"column":1}},"line":154},"4":{"name":"getMe","decl":{"start":{"line":239,"column":22},"end":{"line":239,"column":27}},"loc":{"start":{"line":239,"column":39},"end":{"line":260,"column":1}},"line":239}},"branchMap":{"0":{"loc":{"start":{"line":14,"column":8},"end":{"line":18,"column":9}},"type":"if","locations":[{"start":{"line":14,"column":8},"end":{"line":18,"column":9}},{"start":{},"end":{}}],"line":14},"1":{"loc":{"start":{"line":14,"column":13},"end":{"line":14,"column":45}},"type":"binary-expr","locations":[{"start":{"line":14,"column":13},"end":{"line":14,"column":22}},{"start":{"line":14,"column":26},"end":{"line":14,"column":32}},{"start":{"line":14,"column":36},"end":{"line":14,"column":45}}],"line":14},"2":{"loc":{"start":{"line":28,"column":8},"end":{"line":32,"column":9}},"type":"if","locations":[{"start":{"line":28,"column":8},"end":{"line":32,"column":9}},{"start":{},"end":{}}],"line":28},"3":{"loc":{"start":{"line":66,"column":8},"end":{"line":70,"column":9}},"type":"if","locations":[{"start":{"line":66,"column":8},"end":{"line":70,"column":9}},{"start":{},"end":{}}],"line":66},"4":{"loc":{"start":{"line":66,"column":12},"end":{"line":66,"column":31}},"type":"binary-expr","locations":[{"start":{"line":66,"column":12},"end":{"line":66,"column":18}},{"start":{"line":66,"column":22},"end":{"line":66,"column":31}}],"line":66},"5":{"loc":{"start":{"line":74,"column":8},"end":{"line":78,"column":9}},"type":"if","locations":[{"start":{"line":74,"column":8},"end":{"line":78,"column":9}},{"start":{},"end":{}}],"line":74},"6":{"loc":{"start":{"line":82,"column":8},"end":{"line":86,"column":9}},"type":"if","locations":[{"start":{"line":82,"column":8},"end":{"line":86,"column":9}},{"start":{},"end":{}}],"line":82},"7":{"loc":{"start":{"line":112,"column":8},"end":{"line":116,"column":9}},"type":"if","locations":[{"start":{"line":112,"column":8},"end":{"line":116,"column":9}},{"start":{},"end":{}}],"line":112},"8":{"loc":{"start":{"line":122,"column":8},"end":{"line":127,"column":9}},"type":"if","locations":[{"start":{"line":122,"column":8},"end":{"line":127,"column":9}},{"start":{},"end":{}}],"line":122},"9":{"loc":{"start":{"line":122,"column":12},"end":{"line":122,"column":39}},"type":"binary-expr","locations":[{"start":{"line":122,"column":12},"end":{"line":122,"column":20}},{"start":{"line":122,"column":24},"end":{"line":122,"column":39}}],"line":122},"10":{"loc":{"start":{"line":131,"column":8},"end":{"line":135,"column":9}},"type":"if","locations":[{"start":{"line":131,"column":8},"end":{"line":135,"column":9}},{"start":{},"end":{}}],"line":131},"11":{"loc":{"start":{"line":159,"column":8},"end":{"line":163,"column":9}},"type":"if","locations":[{"start":{"line":159,"column":8},"end":{"line":163,"column":9}},{"start":{},"end":{}}],"line":159},"12":{"loc":{"start":{"line":169,"column":8},"end":{"line":173,"column":9}},"type":"if","locations":[{"start":{"line":169,"column":8},"end":{"line":173,"column":9}},{"start":{},"end":{}}],"line":169},"13":{"loc":{"start":{"line":169,"column":12},"end":{"line":169,"column":39}},"type":"binary-expr","locations":[{"start":{"line":169,"column":12},"end":{"line":169,"column":20}},{"start":{"line":169,"column":24},"end":{"line":169,"column":39}}],"line":169},"14":{"loc":{"start":{"line":177,"column":8},"end":{"line":187,"column":9}},"type":"if","locations":[{"start":{"line":177,"column":8},"end":{"line":187,"column":9}},{"start":{},"end":{}}],"line":177},"15":{"loc":{"start":{"line":243,"column":8},"end":{"line":247,"column":9}},"type":"if","locations":[{"start":{"line":243,"column":8},"end":{"line":247,"column":9}},{"start":{},"end":{}}],"line":243}},"s":{"0":14,"1":14,"2":14,"3":1,"4":13,"5":13,"6":1,"7":12,"8":12,"9":12,"10":12,"11":0,"12":5,"13":5,"14":5,"15":1,"16":4,"17":4,"18":1,"19":3,"20":3,"21":1,"22":2,"23":2,"24":0,"25":2,"26":2,"27":2,"28":1,"29":1,"30":1,"31":1,"32":0,"33":0,"34":1,"35":1,"36":0,"37":1,"38":1,"39":1,"40":1,"41":0,"42":3,"43":3,"44":3,"45":1,"46":2,"47":2,"48":2,"49":1,"50":1,"51":1,"52":0,"53":0,"54":0,"55":1,"56":1,"57":1,"58":1,"59":1,"60":1,"61":0,"62":1,"63":1,"64":1,"65":0,"66":1,"67":0},"f":{"0":14,"1":5,"2":2,"3":3,"4":1},"b":{"0":[1,13],"1":[14,13,13],"2":[1,12],"3":[1,4],"4":[5,5],"5":[1,3],"6":[1,2],"7":[1,1],"8":[0,1],"9":[1,1],"10":[0,1],"11":[1,2],"12":[1,1],"13":[2,2],"14":[0,1],"15":[0,1]},"_coverageSchema":"1a1c01bbd47fc00a2c39e90264f33305004495a9","hash":"9717107e4428a77f0b87605fdba961c3ef36f4b6"}
,"D:\\Backend Dev\\Backend-Projects\\Project1-NotesApp\\src\\controllers\\note.controllers.js": {"path":"D:\\Backend Dev\\Backend-Projects\\Project1-NotesApp\\src\\controllers\\note.controllers.js","statementMap":{"0":{"start":{"line":6,"column":4},"end":{"line":41,"column":5}},"1":{"start":{"line":8,"column":35},"end":{"line":8,"column":43}},"2":{"start":{"line":9,"column":21},"end":{"line":9,"column":29}},"3":{"start":{"line":11,"column":8},"end":{"line":15,"column":9}},"4":{"start":{"line":12,"column":12},"end":{"line":14,"column":15}},"5":{"start":{"line":19,"column":8},"end":{"line":22,"column":9}},"6":{"start":{"line":20,"column":27},"end":{"line":20,"column":75}},"7":{"start":{"line":21,"column":12},"end":{"line":21,"column":36}},"8":{"start":{"line":24,"column":21},"end":{"line":29,"column":10}},"9":{"start":{"line":31,"column":8},"end":{"line":34,"column":11}},"10":{"start":{"line":37,"column":8},"end":{"line":40,"column":11}},"11":{"start":{"line":46,"column":4},"end":{"line":58,"column":5}},"12":{"start":{"line":48,"column":8},"end":{"line":51,"column":11}},"13":{"start":{"line":54,"column":8},"end":{"line":57,"column":11}},"14":{"start":{"line":64,"column":4},"end":{"line":82,"column":5}},"15":{"start":{"line":65,"column":22},"end":{"line":70,"column":10}},"16":{"start":{"line":72,"column":8},"end":{"line":75,"column":11}},"17":{"start":{"line":78,"column":8},"end":{"line":81,"column":11}},"18":{"start":{"line":87,"column":4},"end":{"line":121,"column":5}},"19":{"start":{"line":89,"column":35},"end":{"line":89,"column":43}},"20":{"start":{"line":90,"column":21},"end":{"line":90,"column":29}},"21":{"start":{"line":92,"column":8},"end":{"line":96,"column":9}},"22":{"start":{"line":93,"column":12},"end":{"line":95,"column":15}},"23":{"start":{"line":100,"column":8},"end":{"line":103,"column":9}},"24":{"start":{"line":101,"column":27},"end":{"line":101,"column":75}},"25":{"start":{"line":102,"column":12},"end":{"line":102,"column":36}},"26":{"start":{"line":105,"column":8},"end":{"line":105,"column":56}},"27":{"start":{"line":105,"column":33},"end":{"line":105,"column":56}},"28":{"start":{"line":106,"column":8},"end":{"line":106,"column":61}},"29":{"start":{"line":106,"column":35},"end":{"line":106,"column":61}},"30":{"start":{"line":107,"column":8},"end":{"line":107,"column":57}},"31":{"start":{"line":107,"column":24},"end":{"line":107,"column":57}},"32":{"start":{"line":109,"column":8},"end":{"line":109,"column":30}},"33":{"start":{"line":111,"column":8},"end":{"line":114,"column":11}},"34":{"start":{"line":117,"column":8},"end":{"line":120,"column":11}},"35":{"start":{"line":125,"column":4},"end":{"line":138,"column":5}},"36":{"start":{"line":127,"column":8},"end":{"line":127,"column":50}},"37":{"start":{"line":129,"column":8},"end":{"line":131,"column":11}},"38":{"start":{"line":134,"column":8},"end":{"line":137,"column":11}},"39":{"start":{"line":142,"column":4},"end":{"line":154,"column":5}},"40":{"start":{"line":143,"column":8},"end":{"line":143,"column":72}},"41":{"start":{"line":145,"column":8},"end":{"line":148,"column":11}},"42":{"start":{"line":150,"column":8},"end":{"line":153,"column":11}},"43":{"start":{"line":160,"column":4},"end":{"line":217,"column":5}},"44":{"start":{"line":161,"column":32},"end":{"line":161,"column":40}},"45":{"start":{"line":163,"column":8},"end":{"line":167,"column":9}},"46":{"start":{"line":164,"column":12},"end":{"line":166,"column":15}},"47":{"start":{"line":169,"column":8},"end":{"line":173,"column":9}},"48":{"start":{"line":170,"column":12},"end":{"line":172,"column":15}},"49":{"start":{"line":175,"column":27},"end":{"line":175,"column":56}},"50":{"start":{"line":177,"column":8},"end":{"line":181,"column":9}},"51":{"start":{"line":178,"column":12},"end":{"line":180,"column":15}},"52":{"start":{"line":183,"column":8},"end":{"line":187,"column":9}},"53":{"start":{"line":184,"column":12},"end":{"line":186,"column":15}},"54":{"start":{"line":189,"column":36},"end":{"line":191,"column":9}},"55":{"start":{"line":190,"column":12},"end":{"line":190,"column":41}},"56":{"start":{"line":193,"column":8},"end":{"line":197,"column":9}},"57":{"start":{"line":194,"column":12},"end":{"line":196,"column":15}},"58":{"start":{"line":200,"column":8},"end":{"line":203,"column":11}},"59":{"start":{"line":205,"column":8},"end":{"line":205,"column":30}},"60":{"start":{"line":207,"column":8},"end":{"line":210,"column":10}},"61":{"start":{"line":213,"column":8},"end":{"line":216,"column":11}},"62":{"start":{"line":221,"column":4},"end":{"line":275,"column":5}},"63":{"start":{"line":222,"column":25},"end":{"line":222,"column":33}},"64":{"start":{"line":223,"column":23},"end":{"line":223,"column":40}},"65":{"start":{"line":226,"column":8},"end":{"line":230,"column":9}},"66":{"start":{"line":227,"column":12},"end":{"line":229,"column":15}},"67":{"start":{"line":232,"column":8},"end":{"line":236,"column":9}},"68":{"start":{"line":233,"column":12},"end":{"line":235,"column":15}},"69":{"start":{"line":238,"column":8},"end":{"line":242,"column":9}},"70":{"start":{"line":239,"column":12},"end":{"line":241,"column":15}},"71":{"start":{"line":244,"column":35},"end":{"line":246,"column":10}},"72":{"start":{"line":245,"column":12},"end":{"line":245,"column":33}},"73":{"start":{"line":248,"column":8},"end":{"line":252,"column":9}},"74":{"start":{"line":249,"column":12},"end":{"line":251,"column":15}},"75":{"start":{"line":254,"column":8},"end":{"line":258,"column":9}},"76":{"start":{"line":255,"column":12},"end":{"line":257,"column":15}},"77":{"start":{"line":260,"column":8},"end":{"line":260,"column":39}},"78":{"start":{"line":262,"column":8},"end":{"line":262,"column":30}},"79":{"start":{"line":264,"column":8},"end":{"line":267,"column":11}},"80":{"start":{"line":271,"column":8},"end":{"line":274,"column":11}},"81":{"start":{"line":279,"column":4},"end":{"line":315,"column":5}},"82":{"start":{"line":281,"column":23},"end":{"line":281,"column":40}},"83":{"start":{"line":283,"column":8},"end":{"line":287,"column":9}},"84":{"start":{"line":284,"column":12},"end":{"line":286,"column":15}},"85":{"start":{"line":289,"column":35},"end":{"line":291,"column":10}},"86":{"start":{"line":290,"column":12},"end":{"line":290,"column":33}},"87":{"start":{"line":293,"column":8},"end":{"line":297,"column":9}},"88":{"start":{"line":294,"column":12},"end":{"line":296,"column":15}},"89":{"start":{"line":299,"column":8},"end":{"line":301,"column":10}},"90":{"start":{"line":300,"column":17},"end":{"line":300,"column":39}},"91":{"start":{"line":303,"column":8},"end":{"line":303,"column":30}},"92":{"start":{"line":305,"column":8},"end":{"line":308,"column":11}},"93":{"start":{"line":311,"column":8},"end":{"line":314,"column":11}}},"fnMap":{"0":{"name":"createNote","decl":{"start":{"line":5,"column":22},"end":{"line":5,"column":32}},"loc":{"start":{"line":5,"column":43},"end":{"line":42,"column":1}},"line":5},"1":{"name":"getNote","decl":{"start":{"line":44,"column":22},"end":{"line":44,"column":29}},"loc":{"start":{"line":44,"column":40},"end":{"line":61,"column":1}},"line":44},"2":{"name":"getAllNotes","decl":{"start":{"line":63,"column":22},"end":{"line":63,"column":33}},"loc":{"start":{"line":63,"column":44},"end":{"line":84,"column":1}},"line":63},"3":{"name":"updateNote","decl":{"start":{"line":86,"column":22},"end":{"line":86,"column":32}},"loc":{"start":{"line":86,"column":43},"end":{"line":122,"column":1}},"line":86},"4":{"name":"deleteNote","decl":{"start":{"line":124,"column":22},"end":{"line":124,"column":32}},"loc":{"start":{"line":124,"column":43},"end":{"line":139,"column":1}},"line":124},"5":{"name":"getCollaborators","decl":{"start":{"line":141,"column":22},"end":{"line":141,"column":38}},"loc":{"start":{"line":141,"column":49},"end":{"line":157,"column":1}},"line":141},"6":{"name":"shareNote","decl":{"start":{"line":159,"column":22},"end":{"line":159,"column":31}},"loc":{"start":{"line":159,"column":42},"end":{"line":218,"column":1}},"line":159},"7":{"name":"(anonymous_7)","decl":{"start":{"line":189,"column":64},"end":{"line":189,"column":65}},"loc":{"start":{"line":190,"column":12},"end":{"line":190,"column":41}},"line":190},"8":{"name":"updateRole","decl":{"start":{"line":220,"column":22},"end":{"line":220,"column":32}},"loc":{"start":{"line":220,"column":43},"end":{"line":276,"column":1}},"line":220},"9":{"name":"(anonymous_9)","decl":{"start":{"line":244,"column":63},"end":{"line":244,"column":64}},"loc":{"start":{"line":245,"column":12},"end":{"line":245,"column":33}},"line":245},"10":{"name":"removeCollaborator","decl":{"start":{"line":278,"column":22},"end":{"line":278,"column":40}},"loc":{"start":{"line":278,"column":51},"end":{"line":316,"column":1}},"line":278},"11":{"name":"(anonymous_11)","decl":{"start":{"line":289,"column":63},"end":{"line":289,"column":64}},"loc":{"start":{"line":290,"column":12},"end":{"line":290,"column":33}},"line":290},"12":{"name":"(anonymous_12)","decl":{"start":{"line":300,"column":12},"end":{"line":300,"column":13}},"loc":{"start":{"line":300,"column":17},"end":{"line":300,"column":39}},"line":300}},"branchMap":{"0":{"loc":{"start":{"line":11,"column":8},"end":{"line":15,"column":9}},"type":"if","locations":[{"start":{"line":11,"column":8},"end":{"line":15,"column":9}},{"start":{},"end":{}}],"line":11},"1":{"loc":{"start":{"line":19,"column":8},"end":{"line":22,"column":9}},"type":"if","locations":[{"start":{"line":19,"column":8},"end":{"line":22,"column":9}},{"start":{},"end":{}}],"line":19},"2":{"loc":{"start":{"line":92,"column":8},"end":{"line":96,"column":9}},"type":"if","locations":[{"start":{"line":92,"column":8},"end":{"line":96,"column":9}},{"start":{},"end":{}}],"line":92},"3":{"loc":{"start":{"line":100,"column":8},"end":{"line":103,"column":9}},"type":"if","locations":[{"start":{"line":100,"column":8},"end":{"line":103,"column":9}},{"start":{},"end":{}}],"line":100},"4":{"loc":{"start":{"line":105,"column":8},"end":{"line":105,"column":56}},"type":"if","locations":[{"start":{"line":105,"column":8},"end":{"line":105,"column":56}},{"start":{},"end":{}}],"line":105},"5":{"loc":{"start":{"line":106,"column":8},"end":{"line":106,"column":61}},"type":"if","locations":[{"start":{"line":106,"column":8},"end":{"line":106,"column":61}},{"start":{},"end":{}}],"line":106},"6":{"loc":{"start":{"line":107,"column":8},"end":{"line":107,"column":57}},"type":"if","locations":[{"start":{"line":107,"column":8},"end":{"line":107,"column":57}},{"start":{},"end":{}}],"line":107},"7":{"loc":{"start":{"line":163,"column":8},"end":{"line":167,"column":9}},"type":"if","locations":[{"start":{"line":163,"column":8},"end":{"line":167,"column":9}},{"start":{},"end":{}}],"line":163},"8":{"loc":{"start":{"line":163,"column":12},"end":{"line":163,"column":27}},"type":"binary-expr","locations":[{"start":{"line":163,"column":12},"end":{"line":163,"column":18}},{"start":{"line":163,"column":22},"end":{"line":163,"column":27}}],"line":163},"9":{"loc":{"start":{"line":169,"column":8},"end":{"line":173,"column":9}},"type":"if","locations":[{"start":{"line":169,"column":8},"end":{"line":173,"column":9}},{"start":{},"end":{}}],"line":169},"10":{"loc":{"start":{"line":177,"column":8},"end":{"line":181,"column":9}},"type":"if","locations":[{"start":{"line":177,"column":8},"end":{"line":181,"column":9}},{"start":{},"end":{}}],"line":177},"11":{"loc":{"start":{"line":183,"column":8},"end":{"line":187,"column":9}},"type":"if","locations":[{"start":{"line":183,"column":8},"end":{"line":187,"column":9}},{"start":{},"end":{}}],"line":183},"12":{"loc":{"start":{"line":193,"column":8},"end":{"line":197,"column":9}},"type":"if","locations":[{"start":{"line":193,"column":8},"end":{"line":197,"column":9}},{"start":{},"end":{}}],"line":193},"13":{"loc":{"start":{"line":226,"column":8},"end":{"line":230,"column":9}},"type":"if","locations":[{"start":{"line":226,"column":8},"end":{"line":230,"column":9}},{"start":{},"end":{}}],"line":226},"14":{"loc":{"start":{"line":226,"column":12},"end":{"line":226,"column":28}},"type":"binary-expr","locations":[{"start":{"line":226,"column":12},"end":{"line":226,"column":17}},{"start":{"line":226,"column":21},"end":{"line":226,"column":28}}],"line":226},"15":{"loc":{"start":{"line":232,"column":8},"end":{"line":236,"column":9}},"type":"if","locations":[{"start":{"line":232,"column":8},"end":{"line":236,"column":9}},{"start":{},"end":{}}],"line":232},"16":{"loc":{"start":{"line":238,"column":8},"end":{"line":242,"column":9}},"type":"if","locations":[{"start":{"line":238,"column":8},"end":{"line":242,"column":9}},{"start":{},"end":{}}],"line":238},"17":{"loc":{"start":{"line":248,"column":8},"end":{"line":252,"column":9}},"type":"if","locations":[{"start":{"line":248,"column":8},"end":{"line":252,"column":9}},{"start":{},"end":{}}],"line":248},"18":{"loc":{"start":{"line":254,"column":8},"end":{"line":258,"column":9}},"type":"if","locations":[{"start":{"line":254,"column":8},"end":{"line":258,"column":9}},{"start":{},"end":{}}],"line":254},"19":{"loc":{"start":{"line":283,"column":8},"end":{"line":287,"column":9}},"type":"if","locations":[{"start":{"line":283,"column":8},"end":{"line":287,"column":9}},{"start":{},"end":{}}],"line":283},"20":{"loc":{"start":{"line":293,"column":8},"end":{"line":297,"column":9}},"type":"if","locations":[{"start":{"line":293,"column":8},"end":{"line":297,"column":9}},{"start":{},"end":{}}],"line":293}},"s":{"0":6,"1":6,"2":6,"3":6,"4":1,"5":5,"6":0,"7":0,"8":5,"9":5,"10":0,"11":1,"12":1,"13":0,"14":0,"15":0,"16":0,"17":0,"18":1,"19":1,"20":1,"21":1,"22":0,"23":1,"24":0,"25":0,"26":1,"27":1,"28":1,"29":1,"30":1,"31":0,"32":1,"33":1,"34":0,"35":1,"36":1,"37":1,"38":0,"39":0,"40":0,"41":0,"42":0,"43":0,"44":0,"45":0,"46":0,"47":0,"48":0,"49":0,"50":0,"51":0,"52":0,"53":0,"54":0,"55":0,"56":0,"57":0,"58":0,"59":0,"60":0,"61":0,"62":0,"63":0,"64":0,"65":0,"66":0,"67":0,"68":0,"69":0,"70":0,"71":0,"72":0,"73":0,"74":0,"75":0,"76":0,"77":0,"78":0,"79":0,"80":0,"81":0,"82":0,"83":0,"84":0,"85":0,"86":0,"87":0,"88":0,"89":0,"90":0,"91":0,"92":0,"93":0},"f":{"0":6,"1":1,"2":0,"3":1,"4":1,"5":0,"6":0,"7":0,"8":0,"9":0,"10":0,"11":0,"12":0},"b":{"0":[1,5],"1":[0,5],"2":[0,1],"3":[0,1],"4":[1,0],"5":[1,0],"6":[0,1],"7":[0,0],"8":[0,0],"9":[0,0],"10":[0,0],"11":[0,0],"12":[0,0],"13":[0,0],"14":[0,0],"15":[0,0],"16":[0,0],"17":[0,0],"18":[0,0],"19":[0,0],"20":[0,0]},"_coverageSchema":"1a1c01bbd47fc00a2c39e90264f33305004495a9","hash":"af274bf5859bcfdca1c9560be925c14213abf4c9"}
,"D:\\Backend Dev\\Backend-Projects\\Project1-NotesApp\\src\\middlewares\\auth.middlewares.js": {"path":"D:\\Backend Dev\\Backend-Projects\\Project1-NotesApp\\src\\middlewares\\auth.middlewares.js","statementMap":{"0":{"start":{"line":4,"column":4},"end":{"line":34,"column":5}},"1":{"start":{"line":6,"column":27},"end":{"line":6,"column":81}},"2":{"start":{"line":8,"column":8},"end":{"line":12,"column":9}},"3":{"start":{"line":9,"column":12},"end":{"line":11,"column":15}},"4":{"start":{"line":14,"column":22},"end":{"line":14,"column":46}},"5":{"start":{"line":16,"column":24},"end":{"line":16,"column":72}},"6":{"start":{"line":18,"column":8},"end":{"line":18,"column":27}},"7":{"start":{"line":19,"column":8},"end":{"line":19,"column":15}},"8":{"start":{"line":22,"column":8},"end":{"line":24,"column":9}},"9":{"start":{"line":23,"column":12},"end":{"line":23,"column":77}},"10":{"start":{"line":26,"column":8},"end":{"line":28,"column":9}},"11":{"start":{"line":27,"column":12},"end":{"line":27,"column":77}},"12":{"start":{"line":30,"column":8},"end":{"line":33,"column":11}}},"fnMap":{"0":{"name":"verifyJWT","decl":{"start":{"line":3,"column":22},"end":{"line":3,"column":31}},"loc":{"start":{"line":3,"column":48},"end":{"line":35,"column":1}},"line":3}},"branchMap":{"0":{"loc":{"start":{"line":6,"column":27},"end":{"line":6,"column":81}},"type":"binary-expr","locations":[{"start":{"line":6,"column":27},"end":{"line":6,"column":52}},{"start":{"line":6,"column":56},"end":{"line":6,"column":81}}],"line":6},"1":{"loc":{"start":{"line":8,"column":8},"end":{"line":12,"column":9}},"type":"if","locations":[{"start":{"line":8,"column":8},"end":{"line":12,"column":9}},{"start":{},"end":{}}],"line":8},"2":{"loc":{"start":{"line":22,"column":8},"end":{"line":24,"column":9}},"type":"if","locations":[{"start":{"line":22,"column":8},"end":{"line":24,"column":9}},{"start":{},"end":{}}],"line":22},"3":{"loc":{"start":{"line":26,"column":8},"end":{"line":28,"column":9}},"type":"if","locations":[{"start":{"line":26,"column":8},"end":{"line":28,"column":9}},{"start":{},"end":{}}],"line":26}},"s":{"0":13,"1":13,"2":13,"3":1,"4":12,"5":12,"6":12,"7":12,"8":0,"9":0,"10":0,"11":0,"12":0},"f":{"0":13},"b":{"0":[13,1],"1":[1,12],"2":[0,0],"3":[0,0]},"_coverageSchema":"1a1c01bbd47fc00a2c39e90264f33305004495a9","hash":"cc8029662e5b2ea88fb9049e607983294b42d6a4"}
,"D:\\Backend Dev\\Backend-Projects\\Project1-NotesApp\\src\\middlewares\\requireRole.middlewares.js": {"path":"D:\\Backend Dev\\Backend-Projects\\Project1-NotesApp\\src\\middlewares\\requireRole.middlewares.js","statementMap":{"0":{"start":{"line":5,"column":4},"end":{"line":33,"column":5}},"1":{"start":{"line":6,"column":8},"end":{"line":32,"column":9}},"2":{"start":{"line":7,"column":25},"end":{"line":7,"column":59}},"3":{"start":{"line":9,"column":12},"end":{"line":13,"column":13}},"4":{"start":{"line":10,"column":16},"end":{"line":12,"column":19}},"5":{"start":{"line":15,"column":25},"end":{"line":15,"column":55}},"6":{"start":{"line":17,"column":12},"end":{"line":21,"column":13}},"7":{"start":{"line":18,"column":16},"end":{"line":20,"column":19}},"8":{"start":{"line":23,"column":12},"end":{"line":23,"column":28}},"9":{"start":{"line":24,"column":12},"end":{"line":24,"column":32}},"10":{"start":{"line":25,"column":12},"end":{"line":25,"column":19}},"11":{"start":{"line":28,"column":12},"end":{"line":31,"column":15}}},"fnMap":{"0":{"name":"requireRole","decl":{"start":{"line":4,"column":16},"end":{"line":4,"column":27}},"loc":{"start":{"line":4,"column":38},"end":{"line":34,"column":1}},"line":4},"1":{"name":"(anonymous_1)","decl":{"start":{"line":5,"column":11},"end":{"line":5,"column":12}},"loc":{"start":{"line":5,"column":37},"end":{"line":33,"column":5}},"line":5}},"branchMap":{"0":{"loc":{"start":{"line":9,"column":12},"end":{"line":13,"column":13}},"type":"if","locations":[{"start":{"line":9,"column":12},"end":{"line":13,"column":13}},{"start":{},"end":{}}],"line":9},"1":{"loc":{"start":{"line":17,"column":12},"end":{"line":21,"column":13}},"type":"if","locations":[{"start":{"line":17,"column":12},"end":{"line":21,"column":13}},{"start":{},"end":{}}],"line":17}},"s":{"0":14,"1":5,"2":5,"3":5,"4":1,"5":4,"6":4,"7":1,"8":3,"9":3,"10":3,"11":0},"f":{"0":14,"1":5},"b":{"0":[1,4],"1":[1,3]},"_coverageSchema":"1a1c01bbd47fc00a2c39e90264f33305004495a9","hash":"f3fe4adb708026f0b99622d832ac49702547892b"}
,"D:\\Backend Dev\\Backend-Projects\\Project1-NotesApp\\src\\models\\note.models.js": {"path":"D:\\Backend Dev\\Backend-Projects\\Project1-NotesApp\\src\\models\\note.models.js","statementMap":{"0":{"start":{"line":3,"column":20},"end":{"line":47,"column":22}},"1":{"start":{"line":49,"column":20},"end":{"line":49,"column":56}}},"fnMap":{},"branchMap":{},"s":{"0":2,"1":2},"f":{},"b":{},"_coverageSchema":"1a1c01bbd47fc00a2c39e90264f33305004495a9","hash":"5fb193d2760ee8611847b4cad566d4b0f4f2f6ad"}
,"D:\\Backend Dev\\Backend-Projects\\Project1-NotesApp\\src\\models\\session.models.js": {"path":"D:\\Backend Dev\\Backend-Projects\\Project1-NotesApp\\src\\models\\session.models.js","statementMap":{"0":{"start":{"line":3,"column":22},"end":{"line":35,"column":22}},"1":{"start":{"line":37,"column":23},"end":{"line":37,"column":63}}},"fnMap":{},"branchMap":{},"s":{"0":2,"1":2},"f":{},"b":{},"_coverageSchema":"1a1c01bbd47fc00a2c39e90264f33305004495a9","hash":"a085eebcd44b1198359b6cc2c583fd51431497e4"}
,"D:\\Backend Dev\\Backend-Projects\\Project1-NotesApp\\src\\models\\user.models.js": {"path":"D:\\Backend Dev\\Backend-Projects\\Project1-NotesApp\\src\\models\\user.models.js","statementMap":{"0":{"start":{"line":3,"column":19},"end":{"line":24,"column":22}},"1":{"start":{"line":26,"column":20},"end":{"line":26,"column":54}}},"fnMap":{},"branchMap":{},"s":{"0":2,"1":2},"f":{},"b":{},"_coverageSchema":"1a1c01bbd47fc00a2c39e90264f33305004495a9","hash":"d745c7bf827aef025e41c6bba909baa658a5d082"}
,"D:\\Backend Dev\\Backend-Projects\\Project1-NotesApp\\src\\routes\\auth.routes.js": {"path":"D:\\Backend Dev\\Backend-Projects\\Project1-NotesApp\\src\\routes\\auth.routes.js","statementMap":{"0":{"start":{"line":6,"column":15},"end":{"line":6,"column":31}},"1":{"start":{"line":8,"column":0},"end":{"line":8,"column":39}},"2":{"start":{"line":9,"column":0},"end":{"line":9,"column":29}},"3":{"start":{"line":10,"column":0},"end":{"line":10,"column":30}},"4":{"start":{"line":11,"column":0},"end":{"line":11,"column":42}},"5":{"start":{"line":12,"column":0},"end":{"line":12,"column":39}}},"fnMap":{},"branchMap":{},"s":{"0":2,"1":2,"2":2,"3":2,"4":2,"5":2},"f":{},"b":{},"_coverageSchema":"1a1c01bbd47fc00a2c39e90264f33305004495a9","hash":"44b07fe164ce26ff7828847ad4b563415814ab23"}
,"D:\\Backend Dev\\Backend-Projects\\Project1-NotesApp\\src\\routes\\note.routes.js": {"path":"D:\\Backend Dev\\Backend-Projects\\Project1-NotesApp\\src\\routes\\note.routes.js","statementMap":{"0":{"start":{"line":8,"column":15},"end":{"line":10,"column":2}},"1":{"start":{"line":12,"column":15},"end":{"line":12,"column":31}},"2":{"start":{"line":14,"column":0},"end":{"line":14,"column":80}},"3":{"start":{"line":15,"column":0},"end":{"line":15,"column":70}},"4":{"start":{"line":16,"column":0},"end":{"line":16,"column":48}},"5":{"start":{"line":17,"column":0},"end":{"line":17,"column":107}},"6":{"start":{"line":18,"column":0},"end":{"line":18,"column":78}},"7":{"start":{"line":20,"column":0},"end":{"line":20,"column":85}},"8":{"start":{"line":21,"column":0},"end":{"line":21,"column":70}},"9":{"start":{"line":22,"column":0},"end":{"line":22,"column":80}},"10":{"start":{"line":23,"column":0},"end":{"line":23,"column":89}}},"fnMap":{},"branchMap":{},"s":{"0":2,"1":2,"2":2,"3":2,"4":2,"5":2,"6":2,"7":2,"8":2,"9":2,"10":2},"f":{},"b":{},"_coverageSchema":"1a1c01bbd47fc00a2c39e90264f33305004495a9","hash":"bca8b5a58f9788ca4a4ab5fb3b4039a58872924d"}
,"D:\\Backend Dev\\Backend-Projects\\Project1-NotesApp\\src\\services\\storage.services.js": {"path":"D:\\Backend Dev\\Backend-Projects\\Project1-NotesApp\\src\\services\\storage.services.js","statementMap":{"0":{"start":{"line":3,"column":15},"end":{"line":5,"column":2}},"1":{"start":{"line":8,"column":19},"end":{"line":11,"column":6}},"2":{"start":{"line":12,"column":4},"end":{"line":12,"column":17}}},"fnMap":{"0":{"name":"uploadFile","decl":{"start":{"line":7,"column":15},"end":{"line":7,"column":25}},"loc":{"start":{"line":7,"column":33},"end":{"line":13,"column":1}},"line":7}},"branchMap":{},"s":{"0":2,"1":0,"2":0},"f":{"0":0},"b":{},"_coverageSchema":"1a1c01bbd47fc00a2c39e90264f33305004495a9","hash":"a15d01169d23b7781aeb3fbd32e19ad0e6be1232"}
,"D:\\Backend Dev\\Backend-Projects\\Project1-NotesApp\\src\\utils\\auth.utils.js": {"path":"D:\\Backend Dev\\Backend-Projects\\Project1-NotesApp\\src\\utils\\auth.utils.js","statementMap":{"0":{"start":{"line":7,"column":20},"end":{"line":13,"column":6}},"1":{"start":{"line":15,"column":25},"end":{"line":19,"column":5}},"2":{"start":{"line":21,"column":4},"end":{"line":21,"column":69}},"3":{"start":{"line":22,"column":4},"end":{"line":22,"column":25}},"4":{"start":{"line":24,"column":24},"end":{"line":28,"column":5}},"5":{"start":{"line":30,"column":4},"end":{"line":35,"column":7}},"6":{"start":{"line":37,"column":4},"end":{"line":37,"column":23}}},"fnMap":{"0":{"name":"createSessionAndTokens","decl":{"start":{"line":6,"column":22},"end":{"line":6,"column":44}},"loc":{"start":{"line":6,"column":61},"end":{"line":38,"column":1}},"line":6}},"branchMap":{},"s":{"0":14,"1":14,"2":14,"3":14,"4":14,"5":14,"6":14},"f":{"0":14},"b":{},"_coverageSchema":"1a1c01bbd47fc00a2c39e90264f33305004495a9","hash":"600dae7ec8fefd2b63e5ac7bd2073c4e42534569"}
,"D:\\Backend Dev\\Backend-Projects\\Project1-NotesApp\\src\\utils\\permission.utils.js": {"path":"D:\\Backend Dev\\Backend-Projects\\Project1-NotesApp\\src\\utils\\permission.utils.js","statementMap":{"0":{"start":{"line":1,"column":17},"end":{"line":1,"column":51}},"1":{"start":{"line":4,"column":4},"end":{"line":6,"column":5}},"2":{"start":{"line":5,"column":8},"end":{"line":5,"column":23}},"3":{"start":{"line":8,"column":25},"end":{"line":8,"column":76}},"4":{"start":{"line":8,"column":54},"end":{"line":8,"column":75}},"5":{"start":{"line":10,"column":4},"end":{"line":14,"column":5}},"6":{"start":{"line":11,"column":8},"end":{"line":11,"column":32}},"7":{"start":{"line":13,"column":8},"end":{"line":13,"column":20}},"8":{"start":{"line":19,"column":4},"end":{"line":19,"column":28}},"9":{"start":{"line":19,"column":15},"end":{"line":19,"column":28}},"10":{"start":{"line":20,"column":4},"end":{"line":20,"column":47}}},"fnMap":{"0":{"name":"getUserRole","decl":{"start":{"line":3,"column":16},"end":{"line":3,"column":27}},"loc":{"start":{"line":3,"column":43},"end":{"line":16,"column":1}},"line":3},"1":{"name":"(anonymous_1)","decl":{"start":{"line":8,"column":49},"end":{"line":8,"column":50}},"loc":{"start":{"line":8,"column":54},"end":{"line":8,"column":75}},"line":8},"2":{"name":"hasMinimumRole","decl":{"start":{"line":18,"column":16},"end":{"line":18,"column":30}},"loc":{"start":{"line":18,"column":47},"end":{"line":21,"column":1}},"line":18}},"branchMap":{"0":{"loc":{"start":{"line":4,"column":4},"end":{"line":6,"column":5}},"type":"if","locations":[{"start":{"line":4,"column":4},"end":{"line":6,"column":5}},{"start":{},"end":{}}],"line":4},"1":{"loc":{"start":{"line":10,"column":4},"end":{"line":14,"column":5}},"type":"if","locations":[{"start":{"line":10,"column":4},"end":{"line":14,"column":5}},{"start":{"line":12,"column":11},"end":{"line":14,"column":5}}],"line":10},"2":{"loc":{"start":{"line":19,"column":4},"end":{"line":19,"column":28}},"type":"if","locations":[{"start":{"line":19,"column":4},"end":{"line":19,"column":28}},{"start":{},"end":{}}],"line":19}},"s":{"0":2,"1":4,"2":3,"3":1,"4":0,"5":1,"6":0,"7":1,"8":4,"9":1,"10":3},"f":{"0":4,"1":0,"2":4},"b":{"0":[3,1],"1":[0,1],"2":[1,3]},"_coverageSchema":"1a1c01bbd47fc00a2c39e90264f33305004495a9","hash":"e682e67ec75e8f1b5273999cefc4a5b0d2afbaee"}
}
