TN:
SF:src\app.js
FNF:0
FNH:0
DA:8,2
DA:10,2
DA:11,2
DA:13,2
DA:14,2
LF:5
LH:5
BRF:0
BRH:0
end_of_record
TN:
SF:src\controllers\auth.controllers.js
FN:8,registerUser
FN:62,login
FN:108,logout
FN:154,refreshToken
FN:239,getMe
FNF:5
FNH:5
FNDA:14,registerUser
FNDA:5,login
FNDA:2,logout
FNDA:3,refreshToken
FNDA:1,getMe
DA:10,14
DA:12,14
DA:14,14
DA:15,1
DA:21,13
DA:28,13
DA:29,1
DA:34,12
DA:36,12
DA:42,12
DA:44,12
DA:55,0
DA:63,5
DA:64,5
DA:66,5
DA:67,1
DA:72,4
DA:74,4
DA:75,1
DA:80,3
DA:82,3
DA:83,1
DA:88,2
DA:90,2
DA:101,0
DA:109,2
DA:110,2
DA:112,2
DA:113,1
DA:118,1
DA:120,1
DA:122,1
DA:123,0
DA:124,0
DA:129,1
DA:131,1
DA:132,0
DA:137,1
DA:138,1
DA:140,1
DA:142,1
DA:147,0
DA:155,3
DA:157,3
DA:159,3
DA:160,1
DA:165,2
DA:167,2
DA:169,2
DA:170,1
DA:175,1
DA:177,1
DA:181,0
DA:182,0
DA:184,0
DA:191,1
DA:202,1
DA:203,1
DA:205,1
DA:217,1
DA:226,1
DA:232,0
DA:240,1
DA:241,1
DA:243,1
DA:244,0
DA:249,1
DA:255,0
LF:68
LH:56
BRDA:14,0,0,1
BRDA:14,0,1,13
BRDA:14,1,0,14
BRDA:14,1,1,13
BRDA:14,1,2,13
BRDA:28,2,0,1
BRDA:28,2,1,12
BRDA:66,3,0,1
BRDA:66,3,1,4
BRDA:66,4,0,5
BRDA:66,4,1,5
BRDA:74,5,0,1
BRDA:74,5,1,3
BRDA:82,6,0,1
BRDA:82,6,1,2
BRDA:112,7,0,1
BRDA:112,7,1,1
BRDA:122,8,0,0
BRDA:122,8,1,1
BRDA:122,9,0,1
BRDA:122,9,1,1
BRDA:131,10,0,0
BRDA:131,10,1,1
BRDA:159,11,0,1
BRDA:159,11,1,2
BRDA:169,12,0,1
BRDA:169,12,1,1
BRDA:169,13,0,2
BRDA:169,13,1,2
BRDA:177,14,0,0
BRDA:177,14,1,1
BRDA:243,15,0,0
BRDA:243,15,1,1
BRF:33
BRH:29
end_of_record
TN:
SF:src\controllers\note.controllers.js
FN:5,createNote
FN:44,getNote
FN:63,getAllNotes
FN:86,updateNote
FN:124,deleteNote
FN:141,getCollaborators
FN:159,shareNote
FN:189,(anonymous_7)
FN:220,updateRole
FN:244,(anonymous_9)
FN:278,removeCollaborator
FN:289,(anonymous_11)
FN:300,(anonymous_12)
FNF:13
FNH:4
FNDA:6,createNote
FNDA:1,getNote
FNDA:0,getAllNotes
FNDA:1,updateNote
FNDA:1,deleteNote
FNDA:0,getCollaborators
FNDA:0,shareNote
FNDA:0,(anonymous_7)
FNDA:0,updateRole
FNDA:0,(anonymous_9)
FNDA:0,removeCollaborator
FNDA:0,(anonymous_11)
FNDA:0,(anonymous_12)
DA:6,6
DA:8,6
DA:9,6
DA:11,6
DA:12,1
DA:19,5
DA:20,0
DA:21,0
DA:24,5
DA:31,5
DA:37,0
DA:46,1
DA:48,1
DA:54,0
DA:64,0
DA:65,0
DA:72,0
DA:78,0
DA:87,1
DA:89,1
DA:90,1
DA:92,1
DA:93,0
DA:100,1
DA:101,0
DA:102,0
DA:105,1
DA:106,1
DA:107,1
DA:109,1
DA:111,1
DA:117,0
DA:125,1
DA:127,1
DA:129,1
DA:134,0
DA:142,0
DA:143,0
DA:145,0
DA:150,0
DA:160,0
DA:161,0
DA:163,0
DA:164,0
DA:169,0
DA:170,0
DA:175,0
DA:177,0
DA:178,0
DA:183,0
DA:184,0
DA:189,0
DA:190,0
DA:193,0
DA:194,0
DA:200,0
DA:205,0
DA:207,0
DA:213,0
DA:221,0
DA:222,0
DA:223,0
DA:226,0
DA:227,0
DA:232,0
DA:233,0
DA:238,0
DA:239,0
DA:244,0
DA:245,0
DA:248,0
DA:249,0
DA:254,0
DA:255,0
DA:260,0
DA:262,0
DA:264,0
DA:271,0
DA:279,0
DA:281,0
DA:283,0
DA:284,0
DA:289,0
DA:290,0
DA:293,0
DA:294,0
DA:299,0
DA:300,0
DA:303,0
DA:305,0
DA:311,0
LF:91
LH:23
BRDA:11,0,0,1
BRDA:11,0,1,5
BRDA:19,1,0,0
BRDA:19,1,1,5
BRDA:92,2,0,0
BRDA:92,2,1,1
BRDA:100,3,0,0
BRDA:100,3,1,1
BRDA:105,4,0,1
BRDA:105,4,1,0
BRDA:106,5,0,1
BRDA:106,5,1,0
BRDA:107,6,0,0
BRDA:107,6,1,1
BRDA:163,7,0,0
BRDA:163,7,1,0
BRDA:163,8,0,0
BRDA:163,8,1,0
BRDA:169,9,0,0
BRDA:169,9,1,0
BRDA:177,10,0,0
BRDA:177,10,1,0
BRDA:183,11,0,0
BRDA:183,11,1,0
BRDA:193,12,0,0
BRDA:193,12,1,0
BRDA:226,13,0,0
BRDA:226,13,1,0
BRDA:226,14,0,0
BRDA:226,14,1,0
BRDA:232,15,0,0
BRDA:232,15,1,0
BRDA:238,16,0,0
BRDA:238,16,1,0
BRDA:248,17,0,0
BRDA:248,17,1,0
BRDA:254,18,0,0
BRDA:254,18,1,0
BRDA:283,19,0,0
BRDA:283,19,1,0
BRDA:293,20,0,0
BRDA:293,20,1,0
BRF:42
BRH:8
end_of_record
TN:
SF:src\middlewares\auth.middlewares.js
FN:3,verifyJWT
FNF:1
FNH:1
FNDA:13,verifyJWT
DA:4,13
DA:6,13
DA:8,13
DA:9,1
DA:14,12
DA:16,12
DA:18,12
DA:19,12
DA:22,0
DA:23,0
DA:26,0
DA:27,0
DA:30,0
LF:13
LH:8
BRDA:6,0,0,13
BRDA:6,0,1,1
BRDA:8,1,0,1
BRDA:8,1,1,12
BRDA:22,2,0,0
BRDA:22,2,1,0
BRDA:26,3,0,0
BRDA:26,3,1,0
BRF:8
BRH:4
end_of_record
TN:
SF:src\middlewares\requireRole.middlewares.js
FN:4,requireRole
FN:5,(anonymous_1)
FNF:2
FNH:2
FNDA:14,requireRole
FNDA:5,(anonymous_1)
DA:5,14
DA:6,5
DA:7,5
DA:9,5
DA:10,1
DA:15,4
DA:17,4
DA:18,1
DA:23,3
DA:24,3
DA:25,3
DA:28,0
LF:12
LH:11
BRDA:9,0,0,1
BRDA:9,0,1,4
BRDA:17,1,0,1
BRDA:17,1,1,3
BRF:4
BRH:4
end_of_record
TN:
SF:src\models\note.models.js
FNF:0
FNH:0
DA:3,2
DA:49,2
LF:2
LH:2
BRF:0
BRH:0
end_of_record
TN:
SF:src\models\session.models.js
FNF:0
FNH:0
DA:3,2
DA:37,2
LF:2
LH:2
BRF:0
BRH:0
end_of_record
TN:
SF:src\models\user.models.js
FNF:0
FNH:0
DA:3,2
DA:26,2
LF:2
LH:2
BRF:0
BRH:0
end_of_record
TN:
SF:src\routes\auth.routes.js
FNF:0
FNH:0
DA:6,2
DA:8,2
DA:9,2
DA:10,2
DA:11,2
DA:12,2
LF:6
LH:6
BRF:0
BRH:0
end_of_record
TN:
SF:src\routes\note.routes.js
FNF:0
FNH:0
DA:8,2
DA:12,2
DA:14,2
DA:15,2
DA:16,2
DA:17,2
DA:18,2
DA:20,2
DA:21,2
DA:22,2
DA:23,2
LF:11
LH:11
BRF:0
BRH:0
end_of_record
TN:
SF:src\services\storage.services.js
FN:7,uploadFile
FNF:1
FNH:0
FNDA:0,uploadFile
DA:3,2
DA:8,0
DA:12,0
LF:3
LH:1
BRF:0
BRH:0
end_of_record
TN:
SF:src\utils\auth.utils.js
FN:6,createSessionAndTokens
FNF:1
FNH:1
FNDA:14,createSessionAndTokens
DA:7,14
DA:15,14
DA:21,14
DA:22,14
DA:24,14
DA:30,14
DA:37,14
LF:7
LH:7
BRF:0
BRH:0
end_of_record
TN:
SF:src\utils\permission.utils.js
FN:3,getUserRole
FN:8,(anonymous_1)
FN:18,hasMinimumRole
FNF:3
FNH:2
FNDA:4,getUserRole
FNDA:0,(anonymous_1)
FNDA:4,hasMinimumRole
DA:1,2
DA:4,4
DA:5,3
DA:8,1
DA:10,1
DA:11,0
DA:13,1
DA:19,4
DA:20,3
LF:9
LH:8
BRDA:4,0,0,3
BRDA:4,0,1,1
BRDA:10,1,0,0
BRDA:10,1,1,1
BRDA:19,2,0,1
BRDA:19,2,1,3
BRF:6
BRH:5
end_of_record
